<?xml version="1.0" encoding="UTF-8"?>
<!-- Generated by org.testng.reporters.JUnitReportReporter -->
<testsuite skipped="0" hostname="DESKTOP-0D7S9H3" name="alerts.JavaScriptAlertsDemo" tests="4" failures="0" timestamp="2020-08-09T17:22:17 IST" time="21.450" errors="0">
  <testcase name="setUp" time="8.136" classname="alerts.JavaScriptAlertsDemo"/>
  <system-out/>
  <testcase name="javaScript_AlertBox" time="3.103" classname="alerts.JavaScriptAlertsDemo"/>
  <system-out/>
  <testcase name="javaScript_ConfirmBox" time="6.241" classname="alerts.JavaScriptAlertsDemo"/>
  <system-out/>
  <testcase name="javaScript_PromptBox" time="3.970" classname="alerts.JavaScriptAlertsDemo"/>
  <system-out/>
</testsuite> <!-- alerts.JavaScriptAlertsDemo -->
