<?xml version="1.0" encoding="UTF-8"?>
<!-- Generated by org.testng.reporters.JUnitReportReporter -->
<testsuite skipped="0" hostname="DESKTOP-0D7S9H3" name="alerts.JavaScriptAlertsDemo" tests="4" failures="0" timestamp="2020-08-10T09:58:46 IST" time="21.924" errors="0">
  <testcase name="setUp" time="8.513" classname="alerts.JavaScriptAlertsDemo"/>
  <system-out/>
  <testcase name="javaScript_AlertBox" time="3.106" classname="alerts.JavaScriptAlertsDemo"/>
  <system-out/>
  <testcase name="javaScript_ConfirmBox" time="6.235" classname="alerts.JavaScriptAlertsDemo"/>
  <system-out/>
  <testcase name="javaScript_PromptBox" time="4.070" classname="alerts.JavaScriptAlertsDemo"/>
  <system-out/>
</testsuite> <!-- alerts.JavaScriptAlertsDemo -->
