<?xml version="1.0" encoding="UTF-8"?>
<!-- Generated by org.testng.reporters.JUnitReportReporter -->
<testsuite skipped="0" hostname="DESKTOP-0D7S9H3" name="PageObjectModelDemo.ParaBank_HomePage" tests="2" failures="0" timestamp="2020-08-03T23:09:35 IST" time="54.766" errors="0">
  <testcase name="demo" time="6.571" classname="PageObjectModelDemo.ParaBank_HomePage"/>
  <system-out/>
  <testcase name="findBys_And_findAll_Demo" time="48.195" classname="PageObjectModelDemo.ParaBank_HomePage"/>
  <system-out/>
</testsuite> <!-- PageObjectModelDemo.ParaBank_HomePage -->
